// CYK Logs
// Timestamp : 2021-11-24 11:58:54.712576

Token symbol :
0. self.x
1. =
2. 2

Row 1
Terminal 1.0:
[STRING_TEXT]

Terminal 1.1:
[EQ_SYM, STRING_TEXT, ASS_OPERATOR]

Terminal 1.2:
[STRING_TEXT, START, TEXTED, COND_OPERATION, COND_OPERAND, CLASS_BODY, DEF_FUNC_BODY, DEF_FUNC_RETURN_VAL, TEXTED_FUNC, NUMBER, POSITIVE_NUMBER, CONSTANT, IDX, FUNCTION_PARAM, DICT_TYPES, LIST_TYPE, LIST_TEXTED, ASS_OPERAND, ART_OPERATION, RAI_BODY]


-----
Row 2
Terminal 2.0:
[STRING_TEXT]

Terminal 2.1:
[S_157, S_34, S_104, S_11, STRING_TEXT, S_126]


-----
Row 3
Terminal 3.0:
[STRING_TEXT]


-----
